2025-08-22 16:17:43,810 - INFO - 📁 演示示例文件已创建在: ./demo_sample_data
2025-08-22 16:17:43,810 - INFO - 开始加载 5 个Excel文件
2025-08-22 16:17:43,819 - INFO - ✅ 销售报表_总部.xlsx (5行, 6列)
2025-08-22 16:17:43,819 - INFO -    字段: 订单ID, 客户名称, 产品名称, 销售金额, 销售日期, 销售员
2025-08-22 16:17:43,822 - INFO - ✅ 销售报表_华北分公司.xlsx (4行, 6列)
2025-08-22 16:17:43,823 - INFO -    字段: ID_订单, 客户全称, 商品名称, 成交金额, 成交时间, 业务员
2025-08-22 16:17:43,825 - INFO - ✅ 销售报表_华东分公司.xlsx (3行, 6列)
2025-08-22 16:17:43,825 - INFO -    字段: 销售单号, 公司名称, 产品, 金额, 日期, 负责人
2025-08-22 16:17:43,828 - INFO - ✅ 销售报表_华南分公司.xlsx (3行, 6列)
2025-08-22 16:17:43,828 - INFO -    字段: order_id, customer_name, product_name, amount, sale_date, salesperson
2025-08-22 16:17:43,831 - INFO - ✅ 销售报表_西南分公司.xlsx (2行, 6列)
2025-08-22 16:17:43,831 - INFO -    字段: 单号, 客户, 货品, 价格, 订单日期, 员工
2025-08-22 16:17:43,831 - INFO - 
📊 加载汇总: 成功 5 个，失败 0 个
2025-08-22 16:17:43,831 - INFO - 
🔍 开始智能字段分析...
2025-08-22 16:17:43,831 - INFO - 开始分析 30 个字段的相似性...
2025-08-22 16:17:43,833 - INFO - 字段匹配完成:
2025-08-22 16:17:43,833 - INFO -   原始字段数: 30
2025-08-22 16:17:43,833 - INFO -   映射组数: 6
2025-08-22 16:17:43,833 - INFO -   模式匹配: 30
2025-08-22 16:17:43,833 - INFO -   模糊匹配: 0
2025-08-22 16:17:43,833 - INFO -   未匹配: 0
2025-08-22 16:17:43,833 - INFO - 发现 6 个字段组有多个变体:
2025-08-22 16:17:43,833 - INFO -   订单ID: 订单ID, ID_订单, order_id, 单号, 销售单号
2025-08-22 16:17:43,833 - INFO -   客户名称: 公司名称, customer_name, 客户全称, 客户名称, 客户
2025-08-22 16:17:43,833 - INFO -   产品名称: 货品, 产品名称, 产品, product_name, 商品名称
2025-08-22 16:17:43,833 - INFO -   金额: 成交金额, 金额, 价格, amount, 销售金额
2025-08-22 16:17:43,833 - INFO -   日期: 订单日期, 成交时间, sale_date, 日期, 销售日期
2025-08-22 16:17:43,833 - INFO -   销售员: 负责人, 员工, 销售员, salesperson, 业务员
2025-08-22 16:17:43,833 - INFO - 
🔄 开始数据合并...
2025-08-22 16:17:43,834 - INFO - 📝 文件 1 字段重命名: {'订单ID': '订单ID', '客户名称': '客户名称', '产品名称': '产品名称', '销售金额': '金额', '销售日期': '日期', '销售员': '销售员'}
2025-08-22 16:17:43,835 - INFO - 📝 文件 2 字段重命名: {'ID_订单': '订单ID', '客户全称': '客户名称', '商品名称': '产品名称', '成交金额': '金额', '成交时间': '日期', '业务员': '销售员'}
2025-08-22 16:17:43,835 - INFO - 📝 文件 3 字段重命名: {'销售单号': '订单ID', '公司名称': '客户名称', '产品': '产品名称', '金额': '金额', '日期': '日期', '负责人': '销售员'}
2025-08-22 16:17:43,836 - INFO - 📝 文件 4 字段重命名: {'order_id': '订单ID', 'customer_name': '客户名称', 'product_name': '产品名称', 'amount': '金额', 'sale_date': '日期', 'salesperson': '销售员'}
2025-08-22 16:17:43,836 - INFO - 📝 文件 5 字段重命名: {'单号': '订单ID', '客户': '客户名称', '货品': '产品名称', '价格': '金额', '订单日期': '日期', '员工': '销售员'}
2025-08-22 16:17:43,836 - INFO - 🧹 开始数据清理...
2025-08-22 16:17:43,839 - INFO - 🗑️  移除重复数据: 1行
2025-08-22 16:17:43,839 - INFO - ✅ 合并完成！最终数据: 16行, 8列
2025-08-22 16:17:43,844 - INFO - 
💾 结果已保存到: ./demo_output
2025-08-22 16:17:43,844 - INFO -    📄 合并结果_20250822_161743.xlsx
2025-08-22 16:17:43,844 - INFO -    📄 合并报告_20250822_161743.json
2025-08-22 16:17:43,844 - INFO -    📄 字段映射_20250822_161743.json
